<?xml version="1.0" encoding="UTF-8"?>
<testsuite xmlns:xsi="http://www.w3.org/2001/XMLSchema-instance" xsi:noNamespaceSchemaLocation="https://maven.apache.org/surefire/maven-surefire-plugin/xsd/surefire-test-report-3.0.xsd" version="3.0" name="automatizado.test.ControleDeProdutoTest" time="7.645" tests="2" errors="0" skipped="0" failures="0">
  <properties>
[...]
</properties>
  <testcase name="TC001_deveAbrirModalParaCadatroAoClicarNoBotaoCriar" classname="automatizado.test.ControleDeProdutoTest" time="0.415">
    <system-err><![CDATA[Starting ChromeDriver 129.0.6668.42 (7f36635b56905905db2b0330a078898a0780d358-refs/branch-heads/6668@{#1148}) on port 18063
Only local connections are allowed.
Please see https://chromedriver.chromium.org/security-considerations for suggestions on keeping ChromeDriver safe.
ChromeDriver was started successfully on port 18063.
set. 20, 2024 3:51:00 DA TARDE org.openqa.selenium.remote.ProtocolHandshake createSession
INFO: Detected dialect: W3C
]]></system-err>
  </testcase>
  <testcase name="TC003_naoDeveSerPossivelCadastrarUmProdutoSemPreencherTodosOsCampos" classname="automatizado.test.ControleDeProdutoTest" time="4.086"/>
</testsuite>